Build started 3/4/2018 10:53:08 AM.
     1>Project "C:\Users\hazem\Desktop\AlgoTask1\AlgoTask1\AlgoTask1.vcxproj" on node 2 (Build target(s)).
     1>ClCompile:
         C:\Program Files (x86)\Microsoft Visual Studio 12.0\VC\bin\CL.exe /c /Zi /nologo /W3 /WX- /sdl /O2 /Oi /Oy- /GL /D WIN32 /D NDEBUG /D _CONSOLE /D _LIB /D _UNICODE /D UNICODE /Gm- /EHsc /MD /GS /Gy /fp:precise /Zc:wchar_t /Zc:forScope /Fo"Release\\" /Fd"Release\vc120.pdb" /Gd /TP /analyze- /errorReport:prompt sort_functions.cpp Source.cpp
         sort_functions.cpp
     1>c:\users\hazem\desktop\algotask1\algotask1\sort_functions.h(22): warning C4091: 'static ' : ignored on left of 'sort_functions' when no variable is declared
     1>sort_functions.cpp(16): warning C4018: '<' : signed/unsigned mismatch
     1>sort_functions.cpp(73): warning C4018: '<' : signed/unsigned mismatch
     1>sort_functions.cpp(204): warning C4018: '<' : signed/unsigned mismatch
     1>sort_functions.cpp(207): warning C4018: '<' : signed/unsigned mismatch
     1>sort_functions.cpp(218): warning C4018: '<' : signed/unsigned mismatch
     1>sort_functions.cpp(233): warning C4018: '<' : signed/unsigned mismatch
     1>sort_functions.cpp(237): warning C4018: '<' : signed/unsigned mismatch
     1>sort_functions.cpp(304): warning C4018: '<' : signed/unsigned mismatch
     1>sort_functions.cpp(318): warning C4018: '<' : signed/unsigned mismatch
         Source.cpp
     1>c:\users\hazem\desktop\algotask1\algotask1\sort_functions.h(22): warning C4091: 'static ' : ignored on left of 'sort_functions' when no variable is declared
     1>Source.cpp(24): warning C4018: '<' : signed/unsigned mismatch
     1>Source.cpp(30): warning C4018: '<' : signed/unsigned mismatch
       Link:
         C:\Program Files (x86)\Microsoft Visual Studio 12.0\VC\bin\link.exe /ERRORREPORT:PROMPT /OUT:"C:\Users\hazem\Desktop\AlgoTask1\Release\AlgoTask1.exe" /INCREMENTAL:NO /NOLOGO kernel32.lib user32.lib gdi32.lib winspool.lib comdlg32.lib advapi32.lib shell32.lib ole32.lib oleaut32.lib uuid.lib odbc32.lib odbccp32.lib /MANIFEST /MANIFESTUAC:"level='asInvoker' uiAccess='false'" /manifest:embed /DEBUG /PDB:"C:\Users\hazem\Desktop\AlgoTask1\Release\AlgoTask1.pdb" /SUBSYSTEM:CONSOLE /OPT:REF /OPT:ICF /LTCG /TLBID:1 /DYNAMICBASE /NXCOMPAT /IMPLIB:"C:\Users\hazem\Desktop\AlgoTask1\Release\AlgoTask1.lib" /MACHINE:X86 /SAFESEH Release\sort_functions.obj
         Release\Source.obj
         Generating code
         Finished generating code
         AlgoTask1.vcxproj -> C:\Users\hazem\Desktop\AlgoTask1\Release\AlgoTask1.exe
     1>Done Building Project "C:\Users\hazem\Desktop\AlgoTask1\AlgoTask1\AlgoTask1.vcxproj" (Build target(s)).

Build succeeded.

Time Elapsed 00:00:01.20
